<?xml version="1.0" encoding="UTF-8"?><testsuite name="Firefox_390_Linux.list" errors="7" failures="0" tests="7" time="0.0060000005">
<testcase classname="Firefox_390_Linux.list" name="test test creation de la liste" time="0.001">
<error type="error">[{"message":"ListManager is not defined","name":"ReferenceError","fileName":"http://localhost:9876/test/media/script/User.js","lineNumber":6,"stack":"User@http://localhost:9876/test/media/script/User.js:6:19\n@http://localhost:9876/test/test/list_test.js:6:27\n@http://localhost:9876/test/JSTDQUA/QUnitAdapter.js:47:28\njstestdriver.plugins.TestRunnerPlugin.prototype.runTest@http://localhost:9876/static/runner.js:5403:7\nrunTest@http://localhost:9876/test/com/google/jstestdriver/coverage/javascript/LCOV.js:201:21\nTestResultIterator.prototype.runNext@http://localhost:9876/test/com/google/jstestdriver/coverage/javascript/LCOV.js:292:5\nInstrumentedTestCaseRunner.prototype.run@http://localhost:9876/test/com/google/jstestdriver/coverage/javascript/LCOV.js:250:7\nInstrumentedTestCaseRunnerPlugin.prototype.runTestConfiguration@http://localhost:9876/test/com/google/jstestdriver/coverage/javascript/LCOV.js:221:5\njstestdriver.PluginRegistrar.prototype.dispatch_@http://localhost:9876/static/runner.js:1603:11\njstestdriver.PluginRegistrar.prototype.runTestConfiguration@http://localhost:9876/static/runner.js:1693:3\njstestdriver.TestRunner.prototype.runConfiguration@http://localhost:9876/static/runner.js:2817:1\njstestdriver.TestRunner.prototype.runNextConfiguration_@http://localhost:9876/static/runner.js:2795:1\njstestdriver.TestRunner.prototype.runTests@http://localhost:9876/static/runner.js:2775:3\njstestdriver.RunTestsCommand.prototype.runTestCases_@http://localhost:9876/static/runner.js:3424:1\njstestdriver.RunTestsCommand.prototype.runTests@http://localhost:9876/static/runner.js:3416:1\nbound@http://localhost:9876/static/jstestdrivernamespace.js:71:12\njstestdriver.CommandExecutor.prototype.executeCommand@http://localhost:9876/static/runner.js:2995:5\nbound@http://localhost:9876/static/jstestdrivernamespace.js:71:12\n.handleSuccess@http://localhost:9876/static/lib/jquery-min.js:141:416\n.ajax/w.onreadystatechange@http://localhost:9876/static/lib/jquery-min.js:140:1\n"}]</error>
</testcase>
<testcase classname="Firefox_390_Linux.list" name="test test add product" time="0.0">
<error type="error">[{"message":"ListManager is not defined","name":"ReferenceError","fileName":"http://localhost:9876/test/media/script/User.js","lineNumber":6,"stack":"User@http://localhost:9876/test/media/script/User.js:6:19\n@http://localhost:9876/test/test/list_test.js:12:28\n@http://localhost:9876/test/JSTDQUA/QUnitAdapter.js:47:28\njstestdriver.plugins.TestRunnerPlugin.prototype.runTest@http://localhost:9876/static/runner.js:5403:7\nrunTest@http://localhost:9876/test/com/google/jstestdriver/coverage/javascript/LCOV.js:201:21\nTestResultIterator.prototype.runNext@http://localhost:9876/test/com/google/jstestdriver/coverage/javascript/LCOV.js:292:5\nInstrumentedTestCaseRunner.prototype.run@http://localhost:9876/test/com/google/jstestdriver/coverage/javascript/LCOV.js:250:7\nbound@http://localhost:9876/static/jstestdrivernamespace.js:71:12\n"}]</error>
</testcase>
<testcase classname="Firefox_390_Linux.list" name="test test add user" time="0.001">
<error type="error">[{"message":"ListManager is not defined","name":"ReferenceError","fileName":"http://localhost:9876/test/media/script/User.js","lineNumber":6,"stack":"User@http://localhost:9876/test/media/script/User.js:6:19\n@http://localhost:9876/test/test/list_test.js:22:28\n@http://localhost:9876/test/JSTDQUA/QUnitAdapter.js:47:28\njstestdriver.plugins.TestRunnerPlugin.prototype.runTest@http://localhost:9876/static/runner.js:5403:7\nrunTest@http://localhost:9876/test/com/google/jstestdriver/coverage/javascript/LCOV.js:201:21\nTestResultIterator.prototype.runNext@http://localhost:9876/test/com/google/jstestdriver/coverage/javascript/LCOV.js:292:5\nInstrumentedTestCaseRunner.prototype.run@http://localhost:9876/test/com/google/jstestdriver/coverage/javascript/LCOV.js:250:7\nbound@http://localhost:9876/static/jstestdrivernamespace.js:71:12\n"}]</error>
</testcase>
<testcase classname="Firefox_390_Linux.list" name="test test get user" time="0.001">
<error type="error">[{"message":"ListManager is not defined","name":"ReferenceError","fileName":"http://localhost:9876/test/media/script/User.js","lineNumber":6,"stack":"User@http://localhost:9876/test/media/script/User.js:6:19\n@http://localhost:9876/test/test/list_test.js:31:28\n@http://localhost:9876/test/JSTDQUA/QUnitAdapter.js:47:28\njstestdriver.plugins.TestRunnerPlugin.prototype.runTest@http://localhost:9876/static/runner.js:5403:7\nrunTest@http://localhost:9876/test/com/google/jstestdriver/coverage/javascript/LCOV.js:201:21\nTestResultIterator.prototype.runNext@http://localhost:9876/test/com/google/jstestdriver/coverage/javascript/LCOV.js:292:5\nInstrumentedTestCaseRunner.prototype.run@http://localhost:9876/test/com/google/jstestdriver/coverage/javascript/LCOV.js:250:7\nbound@http://localhost:9876/static/jstestdrivernamespace.js:71:12\n"}]</error>
</testcase>
<testcase classname="Firefox_390_Linux.list" name="test test si il est partage avec" time="0.001">
<error type="error">[{"message":"ListManager is not defined","name":"ReferenceError","fileName":"http://localhost:9876/test/media/script/User.js","lineNumber":6,"stack":"User@http://localhost:9876/test/media/script/User.js:6:19\n@http://localhost:9876/test/test/list_test.js:41:27\n@http://localhost:9876/test/JSTDQUA/QUnitAdapter.js:47:28\njstestdriver.plugins.TestRunnerPlugin.prototype.runTest@http://localhost:9876/static/runner.js:5403:7\nrunTest@http://localhost:9876/test/com/google/jstestdriver/coverage/javascript/LCOV.js:201:21\nTestResultIterator.prototype.runNext@http://localhost:9876/test/com/google/jstestdriver/coverage/javascript/LCOV.js:292:5\nInstrumentedTestCaseRunner.prototype.run@http://localhost:9876/test/com/google/jstestdriver/coverage/javascript/LCOV.js:250:7\nbound@http://localhost:9876/static/jstestdrivernamespace.js:71:12\n"}]</error>
</testcase>
<testcase classname="Firefox_390_Linux.list" name="test test suprimer user" time="0.001">
<error type="error">[{"message":"ListManager is not defined","name":"ReferenceError","fileName":"http://localhost:9876/test/media/script/User.js","lineNumber":6,"stack":"User@http://localhost:9876/test/media/script/User.js:6:19\n@http://localhost:9876/test/test/list_test.js:51:27\n@http://localhost:9876/test/JSTDQUA/QUnitAdapter.js:47:28\njstestdriver.plugins.TestRunnerPlugin.prototype.runTest@http://localhost:9876/static/runner.js:5403:7\nrunTest@http://localhost:9876/test/com/google/jstestdriver/coverage/javascript/LCOV.js:201:21\nTestResultIterator.prototype.runNext@http://localhost:9876/test/com/google/jstestdriver/coverage/javascript/LCOV.js:292:5\nInstrumentedTestCaseRunner.prototype.run@http://localhost:9876/test/com/google/jstestdriver/coverage/javascript/LCOV.js:250:7\nbound@http://localhost:9876/static/jstestdrivernamespace.js:71:12\n"}]</error>
</testcase>
<testcase classname="Firefox_390_Linux.list" name="test test set description" time="0.001">
<error type="error">[{"message":"ListManager is not defined","name":"ReferenceError","fileName":"http://localhost:9876/test/media/script/User.js","lineNumber":6,"stack":"User@http://localhost:9876/test/media/script/User.js:6:19\n@http://localhost:9876/test/test/list_test.js:62:28\n@http://localhost:9876/test/JSTDQUA/QUnitAdapter.js:47:28\njstestdriver.plugins.TestRunnerPlugin.prototype.runTest@http://localhost:9876/static/runner.js:5403:7\nrunTest@http://localhost:9876/test/com/google/jstestdriver/coverage/javascript/LCOV.js:201:21\nTestResultIterator.prototype.runNext@http://localhost:9876/test/com/google/jstestdriver/coverage/javascript/LCOV.js:292:5\nInstrumentedTestCaseRunner.prototype.run@http://localhost:9876/test/com/google/jstestdriver/coverage/javascript/LCOV.js:250:7\nbound@http://localhost:9876/static/jstestdrivernamespace.js:71:12\n"}]</error>
</testcase>
</testsuite>
